<?xml version="1.0" encoding="UTF-8"?>
<testsuite xmlns:xsi="http://www.w3.org/2001/XMLSchema-instance" xsi:noNamespaceSchemaLocation="https://maven.apache.org/surefire/maven-surefire-plugin/xsd/surefire-test-report-3.0.xsd" version="3.0" name="com.example.springdockerapp.SpringDockerAppApplicationTests" time="3.716" tests="1" errors="0" skipped="0" failures="0">
  <properties>
[...]
</properties>
  <testcase name="contextLoads" classname="com.example.springdockerapp.SpringDockerAppApplicationTests" time="1.112">
    <system-out><![CDATA[11:37:30.936 [main] INFO org.springframework.test.context.support.AnnotationConfigContextLoaderUtils -- Could not detect default configuration classes for test class [com.example.springdockerapp.SpringDockerAppApplicationTests]: SpringDockerAppApplicationTests does not declare any static, non-private, non-final, nested classes annotated with @Configuration.
11:37:31.148 [main] INFO org.springframework.boot.test.context.SpringBootTestContextBootstrapper -- Found @SpringBootConfiguration com.example.springdockerapp.SpringDockerAppApplication for test class com.example.springdockerapp.SpringDockerAppApplicationTests

  .   ____          _            __ _ _
 /\\ / ___'_ __ _ _(_)_ __  __ _ \ \ \ \
( ( )\___ | '_ | '_| | '_ \/ _` | \ \ \ \
 \\/  ___)| |_)| | | | | || (_| |  ) ) ) )
  '  |____| .__|_| |_|_| |_\__, | / / / /
 =========|_|==============|___/=/_/_/_/

 :: Spring Boot ::                (v3.3.6)

2024-12-04T11:37:31.793+05:30  INFO 17676 --- [SpringDockerApp] [           main] c.e.s.SpringDockerAppApplicationTests    : Starting SpringDockerAppApplicationTests using Java 17.0.10 with PID 17676 (started by hitainkakkar in C:\Users\hitainkakkar\Documents\workspace-spring-tool-suite-4-4.26.0.RELEASE\SpringDockerApp)
2024-12-04T11:37:31.795+05:30  INFO 17676 --- [SpringDockerApp] [           main] c.e.s.SpringDockerAppApplicationTests    : No active profile set, falling back to 1 default profile: "default"
2024-12-04T11:37:33.328+05:30  INFO 17676 --- [SpringDockerApp] [           main] c.e.s.SpringDockerAppApplicationTests    : Started SpringDockerAppApplicationTests in 1.883 seconds (process running for 3.199)
]]></system-out>
  </testcase>
</testsuite>